<?xml version="1.0" encoding="UTF-8"?>
<testsuite name="io.github.xgl34222220.luoshu.ui.library.FontLibraryBackupTest" tests="4" skipped="0" failures="0" errors="0" timestamp="2026-08-22T19:52:53.731Z" hostname="runnervm76f27" time="0.025">
  <properties/>
  <testcase name="migrationReportAcceptsCompleteProfile" classname="io.github.xgl34222220.luoshu.ui.library.FontLibraryBackupTest" time="0.013"/>
  <testcase name="restoreSkipsProfileWhenOneFamilyIsMissing" classname="io.github.xgl34222220.luoshu.ui.library.FontLibraryBackupTest" time="0.007"/>
  <testcase name="migrationReportBlocksIncompleteProfileAndRepairsStaleReferences" classname="io.github.xgl34222220.luoshu.ui.library.FontLibraryBackupTest" time="0.001"/>
  <testcase name="backupRoundTripKeepsAvailableCollectionsAndStudioProfile" classname="io.github.xgl34222220.luoshu.ui.library.FontLibraryBackupTest" time="0.003"/>
  <system-out><![CDATA[]]></system-out>
  <system-err><![CDATA[]]></system-err>
</testsuite>
