<?xml version="1.0" encoding="UTF-8"?>
<testsuite name="io.github.xgl34222220.luoshu.ui.home.HomeContractTest" tests="4" skipped="0" failures="0" errors="0" timestamp="2026-08-22T19:52:53.704Z" hostname="runnervm76f27" time="0.004">
  <properties/>
  <testcase name="failedMountShowsSystemFontInsteadOfConfiguredFontAsEffective" classname="io.github.xgl34222220.luoshu.ui.home.HomeContractTest" time="0.003"/>
  <testcase name="dynamicConfigFailureProvidesAnActionableReason" classname="io.github.xgl34222220.luoshu.ui.home.HomeContractTest" time="0.0"/>
  <testcase name="verifiedMountShowsConfiguredFontAsEffective" classname="io.github.xgl34222220.luoshu.ui.home.HomeContractTest" time="0.001"/>
  <testcase name="pendingRebootDoesNotPretendTheFontIsAlreadyEffective" classname="io.github.xgl34222220.luoshu.ui.home.HomeContractTest" time="0.0"/>
  <system-out><![CDATA[]]></system-out>
  <system-err><![CDATA[]]></system-err>
</testsuite>
