<?xml version="1.0" encoding="UTF-8"?>
<testsuite name="io.github.xgl34222220.luoshu.ui.studio.StudioProfileIoTest" tests="3" skipped="0" failures="0" errors="0" timestamp="2026-08-22T19:52:53.840Z" hostname="runnervm76f27" time="0.005">
  <properties/>
  <testcase name="missingFamilyRejectsWholeImport" classname="io.github.xgl34222220.luoshu.ui.studio.StudioProfileIoTest" time="0.002"/>
  <testcase name="malformedJsonIsRejected" classname="io.github.xgl34222220.luoshu.ui.studio.StudioProfileIoTest" time="0.001"/>
  <testcase name="profileRoundTripKeepsFamiliesWeightsAndAxes" classname="io.github.xgl34222220.luoshu.ui.studio.StudioProfileIoTest" time="0.001"/>
  <system-out><![CDATA[]]></system-out>
  <system-err><![CDATA[]]></system-err>
</testsuite>
