<?xml version="1.0" encoding="UTF-8"?>
<testsuite name="io.github.xgl34222220.luoshu.ui.logs.NativeImportTaskIntegrationTest" tests="3" skipped="0" failures="0" errors="0" timestamp="2026-08-22T19:52:53.774Z" hostname="runnervm76f27" time="0.001">
  <properties/>
  <testcase name="runningImportAppearsBeforeHistoryAndUpdatesActiveCount" classname="io.github.xgl34222220.luoshu.ui.logs.NativeImportTaskIntegrationTest" time="0.0"/>
  <testcase name="failedImportUpdatesFailureCount" classname="io.github.xgl34222220.luoshu.ui.logs.NativeImportTaskIntegrationTest" time="0.001"/>
  <testcase name="successfulImportCountsAsCompleted" classname="io.github.xgl34222220.luoshu.ui.logs.NativeImportTaskIntegrationTest" time="0.0"/>
  <system-out><![CDATA[]]></system-out>
  <system-err><![CDATA[]]></system-err>
</testsuite>
