<?xml version="1.0" encoding="UTF-8"?>
<testsuite name="io.github.xgl34222220.luoshu.NativeImportQueueStoreTest" tests="3" skipped="0" failures="0" errors="0" timestamp="2026-08-22T19:52:53.570Z" hostname="runnervm76f27" time="0.018">
  <properties/>
  <testcase name="terminalQueueRestoresAsNonBusyUiState" classname="io.github.xgl34222220.luoshu.NativeImportQueueStoreTest" time="0.0"/>
  <testcase name="queueRoundTripPreservesNamesUrisAndResults" classname="io.github.xgl34222220.luoshu.NativeImportQueueStoreTest" time="0.017"/>
  <testcase name="resumeOnlyResetsInterruptedItem" classname="io.github.xgl34222220.luoshu.NativeImportQueueStoreTest" time="0.0"/>
  <system-out><![CDATA[]]></system-out>
  <system-err><![CDATA[]]></system-err>
</testsuite>
