<?xml version="1.0" encoding="UTF-8"?>
<testsuite name="io.github.xgl34222220.luoshu.NativeImportNotificationSpecTest" tests="4" skipped="0" failures="0" errors="0" timestamp="2026-08-22T19:52:53.565Z" hostname="runnervm76f27" time="0.002">
  <properties/>
  <testcase name="pausedNotificationOffersResumeAndCancel" classname="io.github.xgl34222220.luoshu.NativeImportNotificationSpecTest" time="0.001"/>
  <testcase name="successfulNotificationOnlyOffersClear" classname="io.github.xgl34222220.luoshu.NativeImportNotificationSpecTest" time="0.001"/>
  <testcase name="failedNotificationOffersRetryAndClear" classname="io.github.xgl34222220.luoshu.NativeImportNotificationSpecTest" time="0.0"/>
  <testcase name="runningNotificationOffersPauseAndCancel" classname="io.github.xgl34222220.luoshu.NativeImportNotificationSpecTest" time="0.0"/>
  <system-out><![CDATA[]]></system-out>
  <system-err><![CDATA[]]></system-err>
</testsuite>
