<?xml version="1.0" encoding="UTF-8"?>
<testsuite name="io.github.xgl34222220.luoshu.ui.home.DeviceTrustUiTest" tests="9" skipped="0" failures="0" errors="0" timestamp="2026-08-22T19:52:53.696Z" hostname="runnervm76f27" time="0.006">
  <properties/>
  <testcase name="installedEngineWithoutLoadEvidenceIsStillCompatibilityOnly" classname="io.github.xgl34222220.luoshu.ui.home.DeviceTrustUiTest" time="0.003"/>
  <testcase name="emptyBridgeOutputReturnsReadableError" classname="io.github.xgl34222220.luoshu.ui.home.DeviceTrustUiTest" time="0.0"/>
  <testcase name="restoredSystemFontDoesNotPretendVerificationIsPending" classname="io.github.xgl34222220.luoshu.ui.home.DeviceTrustUiTest" time="0.001"/>
  <testcase name="currentBootPendingReasonIsNotDowngradedToCompatibility" classname="io.github.xgl34222220.luoshu.ui.home.DeviceTrustUiTest" time="0.0"/>
  <testcase name="failedAtomicMountCannotBePresentedAsVerified" classname="io.github.xgl34222220.luoshu.ui.home.DeviceTrustUiTest" time="0.0"/>
  <testcase name="failedAlignmentTakesPriorityForCustomFont" classname="io.github.xgl34222220.luoshu.ui.home.DeviceTrustUiTest" time="0.0"/>
  <testcase name="dynamicConfigOverrideIsAlwaysAnIssue" classname="io.github.xgl34222220.luoshu.ui.home.DeviceTrustUiTest" time="0.0"/>
  <testcase name="compatibilityMappingIsNotPresentedAsWaitingForReboot" classname="io.github.xgl34222220.luoshu.ui.home.DeviceTrustUiTest" time="0.001"/>
  <testcase name="verifiedDeviceStateIsRecognized" classname="io.github.xgl34222220.luoshu.ui.home.DeviceTrustUiTest" time="0.0"/>
  <system-out><![CDATA[]]></system-out>
  <system-err><![CDATA[]]></system-err>
</testsuite>
