<?xml version="1.0" encoding="UTF-8"?>
<testsuite name="io.github.xgl34222220.luoshu.ui.font.FontUiSupportTest" tests="5" skipped="0" failures="0" errors="0" timestamp="2026-08-22T19:52:53.606Z" hostname="runnervm76f27" time="0.005">
  <properties/>
  <testcase name="allCardsUseTheSameStablePreviewCopy" classname="io.github.xgl34222220.luoshu.ui.font.FontUiSupportTest" time="0.001"/>
  <testcase name="compactCardPreviewNeverWraps" classname="io.github.xgl34222220.luoshu.ui.font.FontUiSupportTest" time="0.001"/>
  <testcase name="incompleteThinBlackFamilyUsesBlackForCardPreview" classname="io.github.xgl34222220.luoshu.ui.font.FontUiSupportTest" time="0.001"/>
  <testcase name="latinOnlyDifferenceIsExpressedByCapabilityLabel" classname="io.github.xgl34222220.luoshu.ui.font.FontUiSupportTest" time="0.0"/>
  <testcase name="regularRemainsThePreferredStaticPreview" classname="io.github.xgl34222220.luoshu.ui.font.FontUiSupportTest" time="0.002"/>
  <system-out><![CDATA[]]></system-out>
  <system-err><![CDATA[]]></system-err>
</testsuite>
