<?xml version="1.0" encoding="UTF-8"?>
<testsuite name="io.github.xgl34222220.luoshu.NativeImportControlsTest" tests="4" skipped="0" failures="0" errors="0" timestamp="2026-08-22T19:52:53.539Z" hostname="runnervm76f27" time="0.024">
  <properties/>
  <testcase name="pausedStateExposesResumeCancelAndClear" classname="io.github.xgl34222220.luoshu.NativeImportControlsTest" time="0.003"/>
  <testcase name="retryFailuresResetsOnlyFailedItems" classname="io.github.xgl34222220.luoshu.NativeImportControlsTest" time="0.009"/>
  <testcase name="cancelRemainingKeepsFinishedItemsAndStopsOnlyPendingWork" classname="io.github.xgl34222220.luoshu.NativeImportControlsTest" time="0.011"/>
  <testcase name="cancelledStateReportsCancelledCountWithoutBecomingBusy" classname="io.github.xgl34222220.luoshu.NativeImportControlsTest" time="0.001"/>
  <system-out><![CDATA[]]></system-out>
  <system-err><![CDATA[]]></system-err>
</testsuite>
