<?xml version="1.0" encoding="UTF-8"?>
<testsuite name="io.github.xgl34222220.luoshu.DisplayPerformanceControllerTest" tests="5" skipped="0" failures="0" errors="0" timestamp="2026-08-22T19:52:53.512Z" hostname="runnervm76f27" time="0.024">
  <properties/>
  <testcase name="highRefreshDefaultsToSystemAndRespectsPowerSaver" classname="io.github.xgl34222220.luoshu.DisplayPerformanceControllerTest" time="0.001"/>
  <testcase name="selectsHighestRefreshRateAtCurrentResolution" classname="io.github.xgl34222220.luoshu.DisplayPerformanceControllerTest" time="0.018"/>
  <testcase name="keepsCurrentModeWhenRatesTie" classname="io.github.xgl34222220.luoshu.DisplayPerformanceControllerTest" time="0.0"/>
  <testcase name="neverSwitchesResolutionForAHigherRate" classname="io.github.xgl34222220.luoshu.DisplayPerformanceControllerTest" time="0.001"/>
  <testcase name="returnsNullWhenNoSameResolutionModeExists" classname="io.github.xgl34222220.luoshu.DisplayPerformanceControllerTest" time="0.0"/>
  <system-out><![CDATA[]]></system-out>
  <system-err><![CDATA[]]></system-err>
</testsuite>
