<?xml version="1.0" encoding="UTF-8"?>
<testsuite name="io.github.xgl34222220.luoshu.ui.home.DeviceTestMatrixTest" tests="7" skipped="0" failures="0" errors="0" timestamp="2026-08-22T19:52:53.633Z" hostname="runnervm76f27" time="0.06">
  <properties/>
  <testcase name="compatibilityMappingWithoutLoadEvidenceStaysInformationalButDoesNotPass" classname="io.github.xgl34222220.luoshu.ui.home.DeviceTestMatrixTest" time="0.0"/>
  <testcase name="sameVersionAndEnvironmentReplacesOlderRecord" classname="io.github.xgl34222220.luoshu.ui.home.DeviceTestMatrixTest" time="0.012"/>
  <testcase name="exportedMatrixOmitsDeviceAndFontIdentity" classname="io.github.xgl34222220.luoshu.ui.home.DeviceTestMatrixTest" time="0.021"/>
  <testcase name="pendingTaskRebootAndCacheRemainInformational" classname="io.github.xgl34222220.luoshu.ui.home.DeviceTestMatrixTest" time="0.0"/>
  <testcase name="prereleaseReportSupportsExplicitAndCurrentCandidateTargets" classname="io.github.xgl34222220.luoshu.ui.home.DeviceTestMatrixTest" time="0.002"/>
  <testcase name="passingRecordIsAnonymousAndCapsNote" classname="io.github.xgl34222220.luoshu.ui.home.DeviceTestMatrixTest" time="0.025"/>
  <testcase name="verifiedCompatibilityMountIsValidReleaseEvidence" classname="io.github.xgl34222220.luoshu.ui.home.DeviceTestMatrixTest" time="0.0"/>
  <system-out><![CDATA[]]></system-out>
  <system-err><![CDATA[]]></system-err>
</testsuite>
