<?xml version="1.0" encoding="UTF-8"?>
<testsuite name="io.github.xgl34222220.luoshu.ui.appearance.AppearanceSettingsTest" tests="6" skipped="0" failures="0" errors="0" timestamp="2026-08-22T19:52:53.600Z" hostname="runnervm76f27" time="0.004">
  <properties/>
  <testcase name="uiStyleStorageFallsBackToMiuix" classname="io.github.xgl34222220.luoshu.ui.appearance.AppearanceSettingsTest" time="0.0"/>
  <testcase name="validMaterialSettingsArePreserved" classname="io.github.xgl34222220.luoshu.ui.appearance.AppearanceSettingsTest" time="0.002"/>
  <testcase name="legacyKolorNamesAreMappedToCurrentChoices" classname="io.github.xgl34222220.luoshu.ui.appearance.AppearanceSettingsTest" time="0.0"/>
  <testcase name="blurCannotRemainEnabledWhenGlassIsDisabled" classname="io.github.xgl34222220.luoshu.ui.appearance.AppearanceSettingsTest" time="0.0"/>
  <testcase name="invalidAccentFallsBackToLuoShuBlue" classname="io.github.xgl34222220.luoshu.ui.appearance.AppearanceSettingsTest" time="0.001"/>
  <testcase name="themeModeStorageSupportsAllThreeModes" classname="io.github.xgl34222220.luoshu.ui.appearance.AppearanceSettingsTest" time="0.0"/>
  <system-out><![CDATA[]]></system-out>
  <system-err><![CDATA[]]></system-err>
</testsuite>
