<?xml version="1.0" encoding="UTF-8"?>
<testsuite name="io.github.xgl34222220.luoshu.ui.library.FontDirectoryMonitorTest" tests="2" skipped="0" failures="0" errors="0" timestamp="2026-08-22T19:52:53.721Z" hostname="runnervm76f27" time="0.005">
  <properties/>
  <testcase name="identicalSnapshotsHaveNoChanges" classname="io.github.xgl34222220.luoshu.ui.library.FontDirectoryMonitorTest" time="0.005"/>
  <testcase name="snapshotDiffSeparatesAddedChangedAndRemovedDocuments" classname="io.github.xgl34222220.luoshu.ui.library.FontDirectoryMonitorTest" time="0.0"/>
  <system-out><![CDATA[]]></system-out>
  <system-err><![CDATA[]]></system-err>
</testsuite>
