<?xml version="1.0" encoding="UTF-8"?>
<testsuite name="io.github.xgl34222220.luoshu.ui.logs.TaskCenterModelTest" tests="5" skipped="0" failures="0" errors="0" timestamp="2026-08-22T19:52:53.776Z" hostname="runnervm76f27" time="0.018">
  <properties/>
  <testcase name="rebootMessagesUseWaitingRebootPhase" classname="io.github.xgl34222220.luoshu.ui.logs.TaskCenterModelTest" time="0.005"/>
  <testcase name="currentTaskWinsWhenHistoryContainsSameMessage" classname="io.github.xgl34222220.luoshu.ui.logs.TaskCenterModelTest" time="0.0"/>
  <testcase name="structuredLogsBecomeNewestFirstTaskTimeline" classname="io.github.xgl34222220.luoshu.ui.logs.TaskCenterModelTest" time="0.011"/>
  <testcase name="progressIsReadFromLogMessage" classname="io.github.xgl34222220.luoshu.ui.logs.TaskCenterModelTest" time="0.0"/>
  <testcase name="internalMixStagesDoNotBecomeMultipleRunningTasks" classname="io.github.xgl34222220.luoshu.ui.logs.TaskCenterModelTest" time="0.0"/>
  <system-out><![CDATA[]]></system-out>
  <system-err><![CDATA[]]></system-err>
</testsuite>
