<?xml version="1.0" encoding="UTF-8"?>
<testsuite name="io.github.xgl34222220.luoshu.ui.library.FontLibraryManagementTest" tests="4" skipped="0" failures="0" errors="0" timestamp="2026-08-22T19:52:53.768Z" hostname="runnervm76f27" time="0.004">
  <properties/>
  <testcase name="sameFamilyNameWithDifferentStructureIsMarkedAsConflict" classname="io.github.xgl34222220.luoshu.ui.library.FontLibraryManagementTest" time="0.001"/>
  <testcase name="batchFavoriteAndTagActionsToggleAsAGroup" classname="io.github.xgl34222220.luoshu.ui.library.FontLibraryManagementTest" time="0.001"/>
  <testcase name="familyBucketsSeparateVariableStaticAndSingleFonts" classname="io.github.xgl34222220.luoshu.ui.library.FontLibraryManagementTest" time="0.001"/>
  <testcase name="copySuffixWithSameResourceSignatureIsMarkedAsDuplicate" classname="io.github.xgl34222220.luoshu.ui.library.FontLibraryManagementTest" time="0.001"/>
  <system-out><![CDATA[]]></system-out>
  <system-err><![CDATA[]]></system-err>
</testsuite>
