<?xml version="1.0" encoding="UTF-8"?>
<testsuite name="io.github.xgl34222220.luoshu.ui.home.DeviceAcceptanceGuideTest" tests="3" skipped="0" failures="0" errors="0" timestamp="2026-08-22T19:52:53.613Z" hostname="runnervm76f27" time="0.016">
  <properties/>
  <testcase name="compatibilityPayloadWithPid1MountEvidencePassesAcceptance" classname="io.github.xgl34222220.luoshu.ui.home.DeviceAcceptanceGuideTest" time="0.013"/>
  <testcase name="compatibilityWithoutLoadEvidenceDoesNotPassAcceptance" classname="io.github.xgl34222220.luoshu.ui.home.DeviceAcceptanceGuideTest" time="0.002"/>
  <testcase name="verifiedAlignedDevicePassesAutomaticChecks" classname="io.github.xgl34222220.luoshu.ui.home.DeviceAcceptanceGuideTest" time="0.0"/>
  <system-out><![CDATA[]]></system-out>
  <system-err><![CDATA[]]></system-err>
</testsuite>
