<?xml version="1.0" encoding="UTF-8"?>
<testsuite name="io.github.xgl34222220.luoshu.ui.studio.StudioGlyphBrowserTest" tests="3" skipped="0" failures="0" errors="0" timestamp="2026-08-22T19:52:53.829Z" hostname="runnervm76f27" time="0.003">
  <properties/>
  <testcase name="codePointsKeepSurrogatePairsTogether" classname="io.github.xgl34222220.luoshu.ui.studio.StudioGlyphBrowserTest" time="0.003"/>
  <testcase name="pagingUsesUnicodeCodePoints" classname="io.github.xgl34222220.luoshu.ui.studio.StudioGlyphBrowserTest" time="0.0"/>
  <testcase name="categoriesHaveStableUniqueIds" classname="io.github.xgl34222220.luoshu.ui.studio.StudioGlyphBrowserTest" time="0.0"/>
  <system-out><![CDATA[]]></system-out>
  <system-err><![CDATA[]]></system-err>
</testsuite>
