<?xml version="1.0" encoding="UTF-8"?>
<testsuite name="io.github.xgl34222220.luoshu.ui.studio.StudioCompositePreviewTest" tests="3" skipped="0" failures="0" errors="0" timestamp="2026-08-22T19:52:53.825Z" hostname="runnervm76f27" time="0.003">
  <properties/>
  <testcase name="headlinePresetKeepsAllRolesAligned" classname="io.github.xgl34222220.luoshu.ui.studio.StudioCompositePreviewTest" time="0.002"/>
  <testcase name="numberPresetOnlyEmphasizesDigitRole" classname="io.github.xgl34222220.luoshu.ui.studio.StudioCompositePreviewTest" time="0.0"/>
  <testcase name="quickPresetsHaveStableUniqueIds" classname="io.github.xgl34222220.luoshu.ui.studio.StudioCompositePreviewTest" time="0.0"/>
  <system-out><![CDATA[]]></system-out>
  <system-err><![CDATA[]]></system-err>
</testsuite>
